ud851-Exercises/Lesson09b-ToDo-List-AAC/T09b.04-Exercise-Executors/app/build/intermediates/manifest_merge_blame_file/debug/manifest-merger-blame-debug-report.txt
1<?xml version="1.0" encoding="utf-8"?>
2<manifest xmlns:android="http://schemas.android.com/apk/res/android"
3    package="com.example.android.todolist"
4    android:versionCode="1"
5    android:versionName="1.0" >
6
7    <uses-sdk
8        android:minSdkVersion="15"
8-->src/main/AndroidManifest.xml
9        android:targetSdkVersion="27" />
9-->src/main/AndroidManifest.xml
10
11    <application
11-->src/main/AndroidManifest.xml:6:5-28:19
12        android:allowBackup="false"
12-->src/main/AndroidManifest.xml:7:9-36
13        android:appComponentFactory="android.support.v4.app.CoreComponentFactory"
13-->[com.android.support:support-compat:28.0.0] AndroidManifest.xml:22:18-91
14        android:debuggable="true"
15        android:icon="@mipmap/ic_launcher"
15-->src/main/AndroidManifest.xml:8:9-43
16        android:label="@string/app_name"
16-->src/main/AndroidManifest.xml:9:9-41
17        android:supportsRtl="true"
17-->src/main/AndroidManifest.xml:10:9-35
18        android:testOnly="true"
19        android:theme="@style/AppTheme" >
19-->src/main/AndroidManifest.xml:11:9-40
20
21        <!-- The manifest entry for the MainActivity -->
22        <activity android:name="com.example.android.todolist.MainActivity" >
22-->src/main/AndroidManifest.xml:15:9-21:20
22-->src/main/AndroidManifest.xml:15:19-75
23            <intent-filter>
23-->src/main/AndroidManifest.xml:16:13-20:29
24                <action android:name="android.intent.action.MAIN" />
24-->src/main/AndroidManifest.xml:17:17-69
24-->src/main/AndroidManifest.xml:17:25-66
25
26                <category android:name="android.intent.category.LAUNCHER" />
26-->src/main/AndroidManifest.xml:19:17-77
26-->src/main/AndroidManifest.xml:19:27-74
27            </intent-filter>
28        </activity>
29
30        <!-- AddTaskActivity -->
31        <activity
31-->src/main/AndroidManifest.xml:24:9-26:62
32            android:name="com.example.android.todolist.AddTaskActivity"
32-->src/main/AndroidManifest.xml:25:13-72
33            android:label="@string/add_task_activity_name" />
33-->src/main/AndroidManifest.xml:26:13-59
34    </application>
35
36</manifest>